[2026-02-20 07:26:16] Healing users table...
[2026-02-20 07:26:16] User admin does not exist. Creating...
[2026-02-20 07:26:16] Heal Users Error: SQLSTATE[42S22]: Column not found: 1054 Unknown column 'name' in 'field list'
[2026-02-20 07:26:16] Raw Input: {"username": "cashier", "password": "cashier123"}
[2026-02-20 07:26:16] Attempting login for: cashier
[2026-02-20 07:26:16] User not found in database.
[2026-02-20 07:28:54] Healing users table...
[2026-02-20 07:28:54] User admin does not exist. Creating...
[2026-02-20 07:28:54] Heal Users Error: SQLSTATE[42S22]: Column not found: 1054 Unknown column 'name' in 'field list'
[2026-02-20 07:28:54] Raw Input: {"username": "cashier", "password": "cashier123"}
[2026-02-20 07:28:54] Attempting login for: cashier
[2026-02-20 07:28:54] User not found in database.
[2026-02-20 07:31:12] Healing users table...
[2026-02-20 07:31:13] User admin does not exist. Creating...
[2026-02-20 07:31:13] Insert result for admin: Success
[2026-02-20 07:31:13] User cashier does not exist. Creating...
[2026-02-20 07:31:13] Heal Users Error: SQLSTATE[23000]: Integrity constraint violation: 1062 Duplicate entry '' for key 'email'
[2026-02-20 07:31:13] Raw Input: {"username": "cashier", "password": "cashier123"}
[2026-02-20 07:31:13] Attempting login for: cashier
[2026-02-20 07:31:13] User not found in database.
[2026-02-20 07:34:53] Healing users table...
[2026-02-20 07:34:53] User admin exists. Updating password...
[2026-02-20 07:34:53] Update result for admin: Success
[2026-02-20 07:34:53] User cashier does not exist. Creating...
[2026-02-20 07:34:53] Heal Users Error: SQLSTATE[23000]: Integrity constraint violation: 1062 Duplicate entry '' for key 'email'
[2026-02-20 07:34:53] Raw Input: {"username": "cashier", "password": "cashier123"}
[2026-02-20 07:34:53] Attempting login for: cashier
[2026-02-20 07:34:53] User not found in database.
[2026-02-20 07:36:30] Healing users table...
[2026-02-20 07:36:30] User admin exists. Updating password...
[2026-02-20 07:36:30] Update result for admin: Success
[2026-02-20 07:36:30] User cashier does not exist. Creating...
[2026-02-20 07:36:31] Insert result for cashier: Success
[2026-02-20 07:36:31] Raw Input: {"username": "cashier", "password": "cashier123"}
[2026-02-20 07:36:31] Attempting login for: cashier
[2026-02-20 07:36:31] User found. ID: 5, Role: cashier
[2026-02-20 07:36:31] Password verified successfully.
[2026-02-20 07:37:38] Healing users table...
[2026-02-20 07:37:38] User admin exists. Updating password...
[2026-02-20 07:37:38] Update result for admin: Success
[2026-02-20 07:37:38] User cashier exists. Updating password...
[2026-02-20 07:37:38] Update result for cashier: Success
[2026-02-20 07:37:38] Raw Input: {"username":"cashier","password":"cashier123"}
[2026-02-20 07:37:38] Attempting login for: cashier
[2026-02-20 07:37:38] User found. ID: 5, Role: cashier
[2026-02-20 07:37:38] Password verified successfully.
[2026-02-20 07:42:40] Healing users table...
[2026-02-20 07:42:40] User admin exists. Updating password...
[2026-02-20 07:42:40] Update result for admin: Success
[2026-02-20 07:42:41] User cashier exists. Updating password...
[2026-02-20 07:42:41] Update result for cashier: Success
[2026-02-20 07:42:41] Raw Input: {"username":"admin","password":"admin123"}
[2026-02-20 07:42:41] Attempting login for: admin
[2026-02-20 07:42:41] User found. ID: 1, Role: admin
[2026-02-20 07:42:41] Password verified successfully.
[2026-02-20 07:47:30] Healing users table...
[2026-02-20 07:47:30] User admin exists. Updating password...
[2026-02-20 07:47:30] Update result for admin: Success
[2026-02-20 07:47:31] User cashier exists. Updating password...
[2026-02-20 07:47:31] Update result for cashier: Success
[2026-02-20 07:47:31] User accountant exists. Updating password...
[2026-02-20 07:47:31] Update result for accountant: Success
[2026-02-20 07:47:31] Raw Input: {"username":"accountant","password":"cashier123"}
[2026-02-20 07:47:31] Attempting login for: accountant
[2026-02-20 07:47:31] User found. ID: 3, Role: accountant
[2026-02-20 07:47:31] Password verification failed.
[2026-02-20 07:47:44] Healing users table...
[2026-02-20 07:47:44] User admin exists. Updating password...
[2026-02-20 07:47:44] Update result for admin: Success
[2026-02-20 07:47:45] User cashier exists. Updating password...
[2026-02-20 07:47:45] Update result for cashier: Success
[2026-02-20 07:47:45] User accountant exists. Updating password...
[2026-02-20 07:47:45] Update result for accountant: Success
[2026-02-20 07:47:45] Raw Input: {"username":"accountant","password":"accountant123"}
[2026-02-20 07:47:45] Attempting login for: accountant
[2026-02-20 07:47:45] User found. ID: 3, Role: accountant
[2026-02-20 07:47:45] Password verified successfully.
[2026-02-20 07:50:58] Healing users table...
[2026-02-20 07:50:58] User admin exists. Updating password...
[2026-02-20 07:50:58] Update result for admin: Success
[2026-02-20 07:50:58] User cashier exists. Updating password...
[2026-02-20 07:50:58] Update result for cashier: Success
[2026-02-20 07:50:59] User accountant exists. Updating password...
[2026-02-20 07:50:59] Update result for accountant: Success
[2026-02-20 07:50:59] Raw Input: {"username":"cashier","password":"cashier123"}
[2026-02-20 07:50:59] Attempting login for: cashier
[2026-02-20 07:50:59] User found. ID: 2, Role: cashier
[2026-02-20 07:50:59] Password verified successfully.
[2026-02-20 08:07:51] Healing users table...
[2026-02-20 08:07:51] User admin exists. Updating password...
[2026-02-20 08:07:51] Update result for admin: Success
[2026-02-20 08:07:52] User cashier exists. Updating password...
[2026-02-20 08:07:52] Update result for cashier: Success
[2026-02-20 08:07:52] User accountant exists. Updating password...
[2026-02-20 08:07:52] Update result for accountant: Success
[2026-02-20 08:07:52] Raw Input: {"username":"cashier","password":"cashier123"}
[2026-02-20 08:07:52] Attempting login for: cashier
[2026-02-20 08:07:52] User found. ID: 2, Role: cashier
[2026-02-20 08:07:52] Password verified successfully.
[2026-02-20 08:33:50] Healing users table...
[2026-02-20 08:33:50] User admin exists. Updating password...
[2026-02-20 08:33:50] Update result for admin: Success
[2026-02-20 08:33:50] User cashier exists. Updating password...
[2026-02-20 08:33:50] Update result for cashier: Success
[2026-02-20 08:33:51] User accountant exists. Updating password...
[2026-02-20 08:33:51] Update result for accountant: Success
[2026-02-20 08:33:51] Raw Input: {"username":"cashier","password":"cashier123"}
[2026-02-20 08:33:51] Attempting login for: cashier
[2026-02-20 08:33:51] User found. ID: 2, Role: cashier
[2026-02-20 08:33:51] Password verified successfully.
